Case #1: 
GCC
GCC
GJJ
Case #2: 
CODE
CJAE
CJAM
Case #3: 
CA
KE
Case #4: 
CE
CE
CD
BD
AA
AA
Case #5: 
CGBD
CHEI
CAFJ
Case #6: 
CEAB
CFHI
CGJD
Case #7: 
EFI
KGL
DJC
ABH
Case #8: 
FFBE
CCCA
CCCD
Case #9: 
AABB
CCCD
EEFD
Case #10: 
FCC
EBD
EBA
EBA
Case #11: 
BCC
DAA
FAA
EEE
Case #12: 
BA
BA
Case #13: 
BBF
DAA
CAA
EAA
Case #14: 
ACCC
ADDE
BDDF
Case #15: 
DCA
BEA
BFA
BFA
Case #16: 
AAAA
BBBB
CCCC
Case #17: 
EEE
FFA
CCB
CCD
Case #18: 
BAC
Case #19: 
B
A
Case #20: 
BHJF
ALKI
CDGE
Case #21: 
EBB
GAD
IFJ
CHH
Case #22: 
CDA
FBA
FBA
EEA
Case #23: 
ABG
DHE
CJI
CFF
Case #24: 
AA
AA
Case #25: 
CBB
EAA
FDD
FDD
Case #26: 
DCCE
BCCE
AAAA
Case #27: 
ADD
BBB
CCE
Case #28: 
BBAC
EEAC
EEAD
Case #29: 
BAA
EFD
CCC
CCC
Case #30: 
AAB
CCB
CCD
EEF
Case #31: 
ABCD
ABCD
ABCD
Case #32: 
ADDD
BFEE
BCCC
Case #33: 
DDE
AAB
AAC
AAC
Case #34: 
AB
Case #35: 
BBAC
BBAC
EEAD
Case #36: 
DBBB
FCEE
AAAA
Case #37: 
CHDE
GIKA
FBJA
Case #38: 
CIG
HAD
EFD
BBB
Case #39: 
CHDD
BGFE
JIAA
Case #40: 
CHE
CAJ
CDG
FBI
Case #41: 
BD
AC
Case #42: 
AAAB
AAAB
Case #43: 
AAAA
BBBB
CCCC
Case #44: 
AABBCCDDEEFF
Case #45: 
CBB
CBB
CEE
DAF
Case #46: 
AAAA
DCCC
BBEE
Case #47: 
AAAA
BBDD
CCCE
Case #48: 
ADDE
BCCC
BCCC
Case #49: 
AEC
BDF
Case #50: 
AAA
BBC
Case #51: 
AAB
CCB
DDE
FFE
Case #52: 
CCC
DAF
DAE
BAE
Case #53: 
CDB
AAB
EFB
EFB
Case #54: 
AAAA
BBBB
CCCC
Case #55: 
CEJA
IKGF
BBHD
Case #56: 
EDF
BDA
CDA
CDA
Case #57: 
ABC
DBC
DBE
Case #58: 
AAD
AAD
EFC
BBB
Case #59: 
AAA
Case #60: 
AAAA
DDDB
EECB
Case #61: 
AA
Case #62: 
AAAA
BBBB
CCCC
Case #63: 
DCBB
AAAA
EEEE
Case #64: 
DEE
DCC
ABB
AFF
Case #65: 
CCJJ
CCJJ
CCJJ
Case #66: 
FAEB
HGCB
DDCB
Case #67: 
AA
BB
CC
DD
EE
FF
Case #68: 
ABCD
ABCD
ABCD
Case #69: 
AABBCC
DDDEEF
Case #70: 
AAA
AAA
Case #71: 
AECD
BBCD
BBCD
Case #72: 
ABCD
ABCD
ABCD
Case #73: 
CAB
EAD
Case #74: 
GHAE
LCJB
DKIF
Case #75: 
AABC
AAED
IFGH
Case #76: 
CCDE
CCDB
CCDA
Case #77: 
BCF
ADE
ADE
ADE
Case #78: 
CDB
AAA
Case #79: 
CAAE
CAAD
CAAB
Case #80: 
BBBB
DEEE
ACCC
Case #81: 
AAA
BBB
Case #82: 
FBE
DBA
DBA
CCA
Case #83: 
CDB
CFB
AAB
AAE
Case #84: 
CEBB
AABB
AADD
Case #85: 
A
A
B
B
C
C
D
D
E
E
F
F
Case #86: 
CFD
CID
EHJ
AGB
Case #87: 
CCB
FIH
FED
AAG
Case #88: 
BA
BC
Case #89: 
BCCA
BDDA
EDDA
Case #90: 
BJD
CHI
EGL
FKA
Case #91: 
CJI
KLG
HDB
AEF
Case #92: 
A
Case #93: 
ECD
ABB
ABB
ABB
Case #94: 
CDAE
CDAE
BBAE
Case #95: 
BGLK
DJEF
HCAI
Case #96: 
DEA
DEA
DBA
DCA
Case #97: 
AA
AA
AA
BB
Case #98: 
BAA
Case #99: 
A
A
Case #100: 
JKAH
CGEB
CIDF
