Case #1: 0 1
Case #2: 0 1
Case #3: 1 1
Case #4: 0 0
Case #5: 499 500
Case #6: 2 3
Case #7: 0 1
Case #8: 499 499
Case #9: 0 0
Case #10: 0 0
Case #11: 3 3
Case #12: 0 0
Case #13: 0 0
Case #14: 0 0
Case #15: 0 0
Case #16: 0 0
Case #17: 0 1
Case #18: 0 0
Case #19: 0 0
Case #20: 3 3
Case #21: 0 0
Case #22: 2 3
Case #23: 0 0
Case #24: 0 0
Case #25: 2 2
Case #26: 0 1
Case #27: 0 0
Case #28: 1 1
Case #29: 0 0
Case #30: 0 0
Case #31: 249 250
Case #32: 0 0
Case #33: 1 1
Case #34: 0 0
Case #35: 0 0
Case #36: 1 1
Case #37: 0 1
Case #38: 0 0
Case #39: 0 1
Case #40: 0 0
Case #41: 0 0
Case #42: 1 1
Case #43: 0 1
Case #44: 2 3
Case #45: 0 1
Case #46: 0 0
Case #47: 0 0
Case #48: 0 0
Case #49: 249 250
Case #50: 0 0
Case #51: 0 0
Case #52: 1 2
Case #53: 1 1
Case #54: 0 0
Case #55: 1 1
Case #56: 0 1
Case #57: 0 0
Case #58: 0 0
Case #59: 0 0
Case #60: 0 1
Case #61: 0 1
Case #62: 2 3
Case #63: 0 0
Case #64: 0 1
Case #65: 0 0
Case #66: 0 1
Case #67: 0 0
Case #68: 1 1
Case #69: 0 0
Case #70: 0 1
Case #71: 1 1
Case #72: 0 0
Case #73: 0 0
Case #74: 6 7
Case #75: 0 0
Case #76: 0 0
Case #77: 3 3
Case #78: 1 1
Case #79: 1 1
Case #80: 0 0
Case #81: 0 0
Case #82: 124 125
Case #83: 3 3
Case #84: 0 0
Case #85: 0 1
Case #86: 0 0
Case #87: 249 249
Case #88: 0 0
Case #89: 0 0
Case #90: 0 0
Case #91: 0 1
Case #92: 0 0
Case #93: 0 1
Case #94: 0 1
Case #95: 0 0
Case #96: 0 0
Case #97: 6 7
Case #98: 0 1
Case #99: 0 0
Case #100: 0 0
