Case #1: 6 6
Case #2: 0 0
Case #3: 9 4
Case #4: 9 3
Case #5: 7 2
Case #6: 0 0
Case #7: 0 0
Case #8: 5 2
Case #9: 0 0
Case #10: 7 4
Case #11: 6 2
Case #12: 2 1
Case #13: 10 4
Case #14: 6 1
Case #15: 7 3
Case #16: 5 3
Case #17: 0 0
Case #18: 7 3
Case #19: 10 10
Case #20: 0 0
Case #21: 6 1
Case #22: 4 0
Case #23: 6 1
Case #24: 8 2
Case #25: 3 1
Case #26: 10 10
Case #27: 7 2
Case #28: 9 5
Case #29: 3 2
Case #30: 2 1
Case #31: 5 1
Case #32: 8 3
Case #33: 7 1
Case #34: 4 2
Case #35: 3 2
Case #36: 2 2
Case #37: 9 5
Case #38: 8 0
Case #39: 4 1
Case #40: 8 3
Case #41: 9 3
Case #42: 9 5
Case #43: 8 1
Case #44: 4 1
Case #45: 7 3
Case #46: 9 9
Case #47: 9 5
Case #48: 1 0
Case #49: 3 1
Case #50: 0 0
Case #51: 6 6
Case #52: 0 0
Case #53: 9 4
Case #54: 9 3
Case #55: 7 2
Case #56: 0 0
Case #57: 0 0
Case #58: 5 2
Case #59: 0 0
Case #60: 7 4
Case #61: 6 2
Case #62: 2 1
Case #63: 10 4
Case #64: 6 1
Case #65: 7 3
Case #66: 5 3
Case #67: 0 0
Case #68: 7 3
Case #69: 10 10
Case #70: 0 0
Case #71: 6 1
Case #72: 4 0
Case #73: 6 1
Case #74: 8 2
Case #75: 3 1
Case #76: 10 10
Case #77: 7 2
Case #78: 9 5
Case #79: 3 2
Case #80: 2 1
Case #81: 5 1
Case #82: 8 3
Case #83: 7 1
Case #84: 4 2
Case #85: 3 2
Case #86: 2 2
Case #87: 9 5
Case #88: 8 0
Case #89: 4 1
Case #90: 8 3
Case #91: 9 3
Case #92: 9 5
Case #93: 8 1
Case #94: 4 1
Case #95: 7 3
Case #96: 9 9
Case #97: 9 5
Case #98: 1 0
Case #99: 3 1
Case #100: 0 0
Case #101: 6 6
Case #102: 0 0
Case #103: 9 4
Case #104: 9 3
Case #105: 7 2
Case #106: 0 0
Case #107: 0 0
Case #108: 5 2
Case #109: 0 0
Case #110: 7 4
Case #111: 6 2
Case #112: 2 1
Case #113: 10 4
Case #114: 6 1
Case #115: 7 3
Case #116: 5 3
Case #117: 0 0
Case #118: 7 3
Case #119: 10 10
Case #120: 0 0
Case #121: 6 1
Case #122: 4 0
Case #123: 6 1
Case #124: 8 2
Case #125: 3 1
Case #126: 10 10
Case #127: 7 2
Case #128: 9 5
Case #129: 3 2
Case #130: 2 1
Case #131: 5 1
Case #132: 8 3
Case #133: 7 1
Case #134: 4 2
Case #135: 3 2
Case #136: 2 2
Case #137: 9 5
Case #138: 8 0
Case #139: 4 1
Case #140: 8 3
Case #141: 9 3
Case #142: 9 5
Case #143: 8 1
Case #144: 4 1
Case #145: 7 3
Case #146: 9 9
Case #147: 9 5
Case #148: 1 0
Case #149: 3 1
Case #150: 0 0
Case #151: 6 6
Case #152: 0 0
Case #153: 9 4
Case #154: 9 3
Case #155: 7 2
Case #156: 0 0
Case #157: 0 0
Case #158: 5 2
Case #159: 0 0
Case #160: 7 4
Case #161: 6 2
Case #162: 2 1
Case #163: 10 4
Case #164: 6 1
Case #165: 7 3
Case #166: 5 3
Case #167: 0 0
Case #168: 7 3
Case #169: 10 10
Case #170: 0 0
Case #171: 6 1
Case #172: 4 0
Case #173: 6 1
Case #174: 8 2
Case #175: 3 1
Case #176: 10 10
Case #177: 7 2
Case #178: 9 5
Case #179: 3 2
Case #180: 2 1
Case #181: 5 1
Case #182: 8 3
Case #183: 7 1
Case #184: 4 2
Case #185: 3 2
Case #186: 2 2
Case #187: 9 5
Case #188: 8 0
Case #189: 4 1
Case #190: 8 3
Case #191: 9 3
Case #192: 9 5
Case #193: 8 1
Case #194: 4 1
Case #195: 7 3
Case #196: 9 9
Case #197: 9 5
Case #198: 1 0
Case #199: 3 1
Case #200: 0 0
Case #201: 6 6
Case #202: 0 0
Case #203: 9 4
Case #204: 9 3
Case #205: 7 2
Case #206: 0 0
Case #207: 0 0
Case #208: 5 2
Case #209: 0 0
Case #210: 7 4
Case #211: 6 2
Case #212: 2 1
Case #213: 10 4
Case #214: 6 1
Case #215: 7 3
Case #216: 5 3
Case #217: 0 0
Case #218: 7 3
Case #219: 10 10
Case #220: 0 0
Case #221: 6 1
Case #222: 4 0
Case #223: 6 1
Case #224: 8 2
Case #225: 3 1
Case #226: 10 10
Case #227: 7 2
Case #228: 9 5
Case #229: 3 2
Case #230: 2 1
Case #231: 5 1
Case #232: 8 3
Case #233: 7 1
Case #234: 4 2
Case #235: 3 2
Case #236: 2 2
Case #237: 9 5
Case #238: 8 0
Case #239: 4 1
Case #240: 8 3
Case #241: 9 3
Case #242: 9 5
Case #243: 8 1
Case #244: 4 1
Case #245: 7 3
Case #246: 9 9
Case #247: 9 5
Case #248: 1 0
Case #249: 3 1
Case #250: 0 0
Case #251: 6 6
Case #252: 0 0
Case #253: 9 4
Case #254: 9 3
Case #255: 7 2
Case #256: 0 0
Case #257: 0 0
Case #258: 5 2
Case #259: 0 0
Case #260: 7 4
Case #261: 6 2
Case #262: 2 1
Case #263: 10 4
Case #264: 6 1
Case #265: 7 3
Case #266: 5 3
Case #267: 0 0
Case #268: 7 3
Case #269: 10 10
Case #270: 0 0
Case #271: 6 1
Case #272: 4 0
Case #273: 6 1
Case #274: 8 2
Case #275: 3 1
Case #276: 10 10
Case #277: 7 2
Case #278: 9 5
Case #279: 3 2
Case #280: 2 1
Case #281: 5 1
Case #282: 8 3
Case #283: 7 1
Case #284: 4 2
Case #285: 3 2
Case #286: 2 2
Case #287: 9 5
Case #288: 8 0
Case #289: 4 1
Case #290: 8 3
Case #291: 9 3
Case #292: 9 5
Case #293: 8 1
Case #294: 4 1
Case #295: 7 3
Case #296: 9 9
Case #297: 9 5
Case #298: 1 0
Case #299: 3 1
Case #300: 0 0
Case #301: 6 6
Case #302: 0 0
Case #303: 9 4
Case #304: 9 3
Case #305: 7 2
Case #306: 0 0
Case #307: 0 0
Case #308: 5 2
Case #309: 0 0
Case #310: 7 4
Case #311: 6 2
Case #312: 2 1
Case #313: 10 4
Case #314: 6 1
Case #315: 7 3
Case #316: 5 3
Case #317: 0 0
Case #318: 7 3
Case #319: 10 10
Case #320: 0 0
Case #321: 6 1
Case #322: 4 0
Case #323: 6 1
Case #324: 8 2
Case #325: 3 1
Case #326: 10 10
Case #327: 7 2
Case #328: 9 5
Case #329: 3 2
Case #330: 2 1
Case #331: 5 1
Case #332: 8 3
Case #333: 7 1
Case #334: 4 2
Case #335: 3 2
Case #336: 2 2
Case #337: 9 5
Case #338: 8 0
Case #339: 4 1
Case #340: 8 3
Case #341: 9 3
Case #342: 9 5
Case #343: 8 1
Case #344: 4 1
Case #345: 7 3
Case #346: 9 9
Case #347: 9 5
Case #348: 1 0
Case #349: 3 1
Case #350: 0 0
Case #351: 6 6
Case #352: 0 0
Case #353: 9 4
Case #354: 9 3
Case #355: 7 2
Case #356: 0 0
Case #357: 0 0
Case #358: 5 2
Case #359: 0 0
Case #360: 7 4
Case #361: 6 2
Case #362: 2 1
Case #363: 10 4
Case #364: 6 1
Case #365: 7 3
Case #366: 5 3
Case #367: 0 0
Case #368: 7 3
Case #369: 10 10
Case #370: 0 0
Case #371: 6 1
Case #372: 4 0
Case #373: 6 1
Case #374: 8 2
Case #375: 3 1
Case #376: 10 10
Case #377: 7 2
Case #378: 9 5
Case #379: 3 2
Case #380: 2 1
Case #381: 5 1
Case #382: 8 3
Case #383: 7 1
Case #384: 4 2
Case #385: 3 2
Case #386: 2 2
Case #387: 9 5
Case #388: 8 0
Case #389: 4 1
Case #390: 8 3
Case #391: 9 3
Case #392: 9 5
Case #393: 8 1
Case #394: 4 1
Case #395: 7 3
Case #396: 9 9
Case #397: 9 5
Case #398: 1 0
Case #399: 3 1
Case #400: 0 0
Case #401: 6 6
Case #402: 0 0
Case #403: 9 4
Case #404: 9 3
Case #405: 7 2
Case #406: 0 0
Case #407: 0 0
Case #408: 5 2
Case #409: 0 0
Case #410: 7 4
Case #411: 6 2
Case #412: 2 1
Case #413: 10 4
Case #414: 6 1
Case #415: 7 3
Case #416: 5 3
Case #417: 0 0
Case #418: 7 3
Case #419: 10 10
Case #420: 0 0
Case #421: 6 1
Case #422: 4 0
Case #423: 6 1
Case #424: 8 2
Case #425: 3 1
Case #426: 10 10
Case #427: 7 2
Case #428: 9 5
Case #429: 3 2
Case #430: 2 1
Case #431: 5 1
Case #432: 8 3
Case #433: 7 1
Case #434: 4 2
Case #435: 3 2
Case #436: 2 2
Case #437: 9 5
Case #438: 8 0
Case #439: 4 1
Case #440: 8 3
Case #441: 9 3
Case #442: 9 5
Case #443: 8 1
Case #444: 4 1
Case #445: 7 3
Case #446: 9 9
Case #447: 9 5
Case #448: 1 0
Case #449: 3 1
Case #450: 0 0
Case #451: 6 6
Case #452: 0 0
Case #453: 9 4
Case #454: 9 3
Case #455: 7 2
Case #456: 0 0
Case #457: 0 0
Case #458: 5 2
Case #459: 0 0
Case #460: 7 4
Case #461: 6 2
Case #462: 2 1
Case #463: 10 4
Case #464: 6 1
Case #465: 7 3
Case #466: 5 3
Case #467: 0 0
Case #468: 7 3
Case #469: 10 10
Case #470: 0 0
Case #471: 6 1
Case #472: 4 0
Case #473: 6 1
Case #474: 8 2
Case #475: 3 1
Case #476: 10 10
Case #477: 7 2
Case #478: 9 5
Case #479: 3 2
Case #480: 2 1
Case #481: 5 1
Case #482: 8 3
Case #483: 7 1
Case #484: 4 2
Case #485: 3 2
Case #486: 2 2
Case #487: 9 5
Case #488: 8 0
Case #489: 4 1
Case #490: 8 3
Case #491: 9 3
Case #492: 9 5
Case #493: 8 1
Case #494: 4 1
Case #495: 7 3
Case #496: 9 9
Case #497: 9 5
Case #498: 1 0
Case #499: 3 1
Case #500: 0 0
Case #501: 6 6
Case #502: 0 0
Case #503: 9 4
Case #504: 9 3
Case #505: 7 2
Case #506: 0 0
Case #507: 0 0
Case #508: 5 2
Case #509: 0 0
Case #510: 7 4
Case #511: 6 2
Case #512: 2 1
Case #513: 10 4
Case #514: 6 1
Case #515: 7 3
Case #516: 5 3
Case #517: 0 0
Case #518: 7 3
Case #519: 10 10
Case #520: 0 0
Case #521: 6 1
Case #522: 4 0
Case #523: 6 1
Case #524: 8 2
Case #525: 3 1
Case #526: 10 10
Case #527: 7 2
Case #528: 9 5
Case #529: 3 2
Case #530: 2 1
Case #531: 5 1
Case #532: 8 3
Case #533: 7 1
Case #534: 4 2
Case #535: 3 2
Case #536: 2 2
Case #537: 9 5
Case #538: 8 0
Case #539: 4 1
Case #540: 8 3
Case #541: 9 3
Case #542: 9 5
Case #543: 8 1
Case #544: 4 1
Case #545: 7 3
Case #546: 9 9
Case #547: 9 5
Case #548: 1 0
Case #549: 3 1
Case #550: 0 0
Case #551: 6 6
Case #552: 0 0
Case #553: 9 4
Case #554: 9 3
Case #555: 7 2
Case #556: 0 0
Case #557: 0 0
Case #558: 5 2
Case #559: 0 0
Case #560: 7 4
Case #561: 6 2
Case #562: 2 1
Case #563: 10 4
Case #564: 6 1
Case #565: 7 3
Case #566: 5 3
Case #567: 0 0
Case #568: 7 3
Case #569: 10 10
Case #570: 0 0
Case #571: 6 1
Case #572: 4 0
Case #573: 6 1
Case #574: 8 2
Case #575: 3 1
Case #576: 10 10
Case #577: 7 2
Case #578: 9 5
Case #579: 3 2
Case #580: 2 1
Case #581: 5 1
Case #582: 8 3
Case #583: 7 1
Case #584: 4 2
Case #585: 3 2
Case #586: 2 2
Case #587: 9 5
Case #588: 8 0
Case #589: 4 1
Case #590: 8 3
Case #591: 9 3
Case #592: 9 5
Case #593: 8 1
Case #594: 4 1
Case #595: 7 3
Case #596: 9 9
Case #597: 9 5
Case #598: 1 0
Case #599: 3 1
Case #600: 0 0
Case #601: 6 6
Case #602: 0 0
Case #603: 9 4
Case #604: 9 3
Case #605: 7 2
Case #606: 0 0
Case #607: 0 0
Case #608: 5 2
Case #609: 0 0
Case #610: 7 4
Case #611: 6 2
Case #612: 2 1
Case #613: 10 4
Case #614: 6 1
Case #615: 7 3
Case #616: 5 3
Case #617: 0 0
Case #618: 7 3
Case #619: 10 10
Case #620: 0 0
Case #621: 6 1
Case #622: 4 0
Case #623: 6 1
Case #624: 8 2
Case #625: 3 1
Case #626: 10 10
Case #627: 7 2
Case #628: 9 5
Case #629: 3 2
Case #630: 2 1
Case #631: 5 1
Case #632: 8 3
Case #633: 7 1
Case #634: 4 2
Case #635: 3 2
Case #636: 2 2
Case #637: 9 5
Case #638: 8 0
Case #639: 4 1
Case #640: 8 3
Case #641: 9 3
Case #642: 9 5
Case #643: 8 1
Case #644: 4 1
Case #645: 7 3
Case #646: 9 9
Case #647: 9 5
Case #648: 1 0
Case #649: 3 1
Case #650: 0 0
Case #651: 6 6
Case #652: 0 0
Case #653: 9 4
Case #654: 9 3
Case #655: 7 2
Case #656: 0 0
Case #657: 0 0
Case #658: 5 2
Case #659: 0 0
Case #660: 7 4
Case #661: 6 2
Case #662: 2 1
Case #663: 10 4
Case #664: 6 1
Case #665: 7 3
Case #666: 5 3
Case #667: 0 0
Case #668: 7 3
Case #669: 10 10
Case #670: 0 0
Case #671: 6 1
Case #672: 4 0
Case #673: 6 1
Case #674: 8 2
Case #675: 3 1
Case #676: 10 10
Case #677: 7 2
Case #678: 9 5
Case #679: 3 2
Case #680: 2 1
Case #681: 5 1
Case #682: 8 3
Case #683: 7 1
Case #684: 4 2
Case #685: 3 2
Case #686: 2 2
Case #687: 9 5
Case #688: 8 0
Case #689: 4 1
Case #690: 8 3
Case #691: 9 3
Case #692: 9 5
Case #693: 8 1
Case #694: 4 1
Case #695: 7 3
Case #696: 9 9
Case #697: 9 5
Case #698: 1 0
Case #699: 3 1
Case #700: 0 0
Case #701: 6 6
Case #702: 0 0
Case #703: 9 4
Case #704: 9 3
Case #705: 7 2
Case #706: 0 0
Case #707: 0 0
Case #708: 5 2
Case #709: 0 0
Case #710: 7 4
Case #711: 6 2
Case #712: 2 1
Case #713: 10 4
Case #714: 6 1
Case #715: 7 3
Case #716: 5 3
Case #717: 0 0
Case #718: 7 3
Case #719: 10 10
Case #720: 0 0
Case #721: 6 1
Case #722: 4 0
Case #723: 6 1
Case #724: 8 2
Case #725: 3 1
Case #726: 10 10
Case #727: 7 2
Case #728: 9 5
Case #729: 3 2
Case #730: 2 1
Case #731: 5 1
Case #732: 8 3
Case #733: 7 1
Case #734: 4 2
Case #735: 3 2
Case #736: 2 2
Case #737: 9 5
Case #738: 8 0
Case #739: 4 1
Case #740: 8 3
Case #741: 9 3
Case #742: 9 5
Case #743: 8 1
Case #744: 4 1
Case #745: 7 3
Case #746: 9 9
Case #747: 9 5
Case #748: 1 0
Case #749: 3 1
Case #750: 0 0
Case #751: 6 6
Case #752: 0 0
Case #753: 9 4
Case #754: 9 3
Case #755: 7 2
Case #756: 0 0
Case #757: 0 0
Case #758: 5 2
Case #759: 0 0
Case #760: 7 4
Case #761: 6 2
Case #762: 2 1
Case #763: 10 4
Case #764: 6 1
Case #765: 7 3
Case #766: 5 3
Case #767: 0 0
Case #768: 7 3
Case #769: 10 10
Case #770: 0 0
Case #771: 6 1
Case #772: 4 0
Case #773: 6 1
Case #774: 8 2
Case #775: 3 1
Case #776: 10 10
Case #777: 7 2
Case #778: 9 5
Case #779: 3 2
Case #780: 2 1
Case #781: 5 1
Case #782: 8 3
Case #783: 7 1
Case #784: 4 2
Case #785: 3 2
Case #786: 2 2
Case #787: 9 5
Case #788: 8 0
Case #789: 4 1
Case #790: 8 3
Case #791: 9 3
Case #792: 9 5
Case #793: 8 1
Case #794: 4 1
Case #795: 7 3
Case #796: 9 9
Case #797: 9 5
Case #798: 1 0
Case #799: 3 1
Case #800: 0 0
Case #801: 6 6
Case #802: 0 0
Case #803: 9 4
Case #804: 9 3
Case #805: 7 2
Case #806: 0 0
Case #807: 0 0
Case #808: 5 2
Case #809: 0 0
Case #810: 7 4
Case #811: 6 2
Case #812: 2 1
Case #813: 10 4
Case #814: 6 1
Case #815: 7 3
Case #816: 5 3
Case #817: 0 0
Case #818: 7 3
Case #819: 10 10
Case #820: 0 0
Case #821: 6 1
Case #822: 4 0
Case #823: 6 1
Case #824: 8 2
Case #825: 3 1
Case #826: 10 10
Case #827: 7 2
Case #828: 9 5
Case #829: 3 2
Case #830: 2 1
Case #831: 5 1
Case #832: 8 3
Case #833: 7 1
Case #834: 4 2
Case #835: 3 2
Case #836: 2 2
Case #837: 9 5
Case #838: 8 0
Case #839: 4 1
Case #840: 8 3
Case #841: 9 3
Case #842: 9 5
Case #843: 8 1
Case #844: 4 1
Case #845: 7 3
Case #846: 9 9
Case #847: 9 5
Case #848: 1 0
Case #849: 3 1
Case #850: 0 0
Case #851: 6 6
Case #852: 0 0
Case #853: 9 4
Case #854: 9 3
Case #855: 7 2
Case #856: 0 0
Case #857: 0 0
Case #858: 5 2
Case #859: 0 0
Case #860: 7 4
Case #861: 6 2
Case #862: 2 1
Case #863: 10 4
Case #864: 6 1
Case #865: 7 3
Case #866: 5 3
Case #867: 0 0
Case #868: 7 3
Case #869: 10 10
Case #870: 0 0
Case #871: 6 1
Case #872: 4 0
Case #873: 6 1
Case #874: 8 2
Case #875: 3 1
Case #876: 10 10
Case #877: 7 2
Case #878: 9 5
Case #879: 3 2
Case #880: 2 1
Case #881: 5 1
Case #882: 8 3
Case #883: 7 1
Case #884: 4 2
Case #885: 3 2
Case #886: 2 2
Case #887: 9 5
Case #888: 8 0
Case #889: 4 1
Case #890: 8 3
Case #891: 9 3
Case #892: 9 5
Case #893: 8 1
Case #894: 4 1
Case #895: 7 3
Case #896: 9 9
Case #897: 9 5
Case #898: 1 0
Case #899: 3 1
Case #900: 0 0
Case #901: 6 6
Case #902: 0 0
Case #903: 9 4
Case #904: 9 3
Case #905: 7 2
Case #906: 0 0
Case #907: 0 0
Case #908: 5 2
Case #909: 0 0
Case #910: 7 4
Case #911: 6 2
Case #912: 2 1
Case #913: 10 4
Case #914: 6 1
Case #915: 7 3
Case #916: 5 3
Case #917: 0 0
Case #918: 7 3
Case #919: 10 10
Case #920: 0 0
Case #921: 6 1
Case #922: 4 0
Case #923: 6 1
Case #924: 8 2
Case #925: 3 1
Case #926: 10 10
Case #927: 7 2
Case #928: 9 5
Case #929: 3 2
Case #930: 2 1
Case #931: 5 1
Case #932: 8 3
Case #933: 7 1
Case #934: 4 2
Case #935: 3 2
Case #936: 2 2
Case #937: 9 5
Case #938: 8 0
Case #939: 4 1
Case #940: 8 3
Case #941: 9 3
Case #942: 9 5
Case #943: 8 1
Case #944: 4 1
Case #945: 7 3
Case #946: 9 9
Case #947: 9 5
Case #948: 1 0
Case #949: 3 1
Case #950: 0 0
Case #951: 6 6
Case #952: 0 0
Case #953: 9 4
Case #954: 9 3
Case #955: 7 2
Case #956: 0 0
Case #957: 0 0
Case #958: 5 2
Case #959: 0 0
Case #960: 7 4
Case #961: 6 2
Case #962: 2 1
Case #963: 10 4
Case #964: 6 1
Case #965: 7 3
Case #966: 5 3
Case #967: 0 0
Case #968: 7 3
Case #969: 10 10
Case #970: 0 0
Case #971: 6 1
Case #972: 4 0
Case #973: 6 1
Case #974: 8 2
Case #975: 3 1
Case #976: 10 10
Case #977: 7 2
Case #978: 9 5
Case #979: 3 2
Case #980: 2 1
Case #981: 5 1
Case #982: 8 3
Case #983: 7 1
Case #984: 4 2
Case #985: 3 2
Case #986: 2 2
Case #987: 9 5
Case #988: 8 0
Case #989: 4 1
Case #990: 8 3
Case #991: 9 3
Case #992: 9 5
Case #993: 8 1
Case #994: 4 1
Case #995: 7 3
Case #996: 9 9
Case #997: 9 5
Case #998: 1 0
Case #999: 3 1
Case #1000: 0 0
