Case #1: 6 6
Case #2: 0 0
Case #3: 9 4
Case #4: 9 3
Case #5: 7 2
Case #6: 0 0
Case #7: 0 0
Case #8: 5 2
Case #9: 0 0
Case #10: 7 4
Case #11: 6 2
Case #12: 2 1
Case #13: 10 4
Case #14: 6 1
Case #15: 7 3
Case #16: 5 3
Case #17: 0 0
Case #18: 7 3
Case #19: 10 10
Case #20: 0 0
Case #21: 6 1
Case #22: 4 0
Case #23: 6 1
Case #24: 8 2
Case #25: 3 1
Case #26: 10 10
Case #27: 7 2
Case #28: 9 5
Case #29: 3 2
Case #30: 2 1
Case #31: 5 1
Case #32: 8 3
Case #33: 7 1
Case #34: 4 2
Case #35: 3 2
Case #36: 2 2
Case #37: 9 5
Case #38: 8 0
Case #39: 4 1
Case #40: 8 3
Case #41: 9 3
Case #42: 9 5
Case #43: 8 1
Case #44: 4 1
Case #45: 7 3
Case #46: 9 9
Case #47: 9 5
Case #48: 1 0
Case #49: 3 1
Case #50: 0 0
